<?xml version="1.0" encoding="UTF-8"?>
<testng-results ignored="0" total="9" passed="9" failed="0" skipped="0">
  <reporter-output>
  </reporter-output>
  <suite started-at="2024-09-07T17:55:54 GMT" name="vendor-portal" finished-at="2024-09-07T17:56:17 GMT" duration-ms="22956">
    <groups>
    </groups>
    <test started-at="2024-09-07T17:55:54 GMT" name="user-mike" finished-at="2024-09-07T17:56:17 GMT" duration-ms="22453">
      <class name="com.amarpatekar.tests.vendorportal.VendorPortalTest">
        <test-method is-config="true" signature="setDriver(org.testng.ITestContext)[pri:0, instance:com.amarpatekar.tests.vendorportal.VendorPortalTest@7ef27d7f]" started-at="2024-09-07T17:55:54 GMT" name="setDriver" finished-at="2024-09-07T17:55:58 GMT" duration-ms="3553" status="PASS">
          <params>
            <param index="0">
              <value>
                <![CDATA[org.testng.TestRunner@172b013]]>
              </value>
            </param>
          </params>
          <reporter-output>
          </reporter-output>
        </test-method> <!-- setDriver -->
        <test-method is-config="true" signature="setPageObjects(java.lang.String)[pri:0, instance:com.amarpatekar.tests.vendorportal.VendorPortalTest@7ef27d7f]" started-at="2024-09-07T17:55:58 GMT" name="setPageObjects" finished-at="2024-09-07T17:55:58 GMT" depends-on-methods="com.amarpatekar.tests.AbstractTest.setDriver" duration-ms="182" status="PASS">
          <params>
            <param index="0">
              <value>
                <![CDATA[test-data/vendor-portal/mike.json]]>
              </value>
            </param>
          </params>
          <reporter-output>
          </reporter-output>
        </test-method> <!-- setPageObjects -->
        <test-method signature="loginTest()[pri:0, instance:com.amarpatekar.tests.vendorportal.VendorPortalTest@7ef27d7f]" started-at="2024-09-07T17:55:58 GMT" name="loginTest" finished-at="2024-09-07T17:56:00 GMT" duration-ms="1947" status="PASS">
          <reporter-output>
          </reporter-output>
        </test-method> <!-- loginTest -->
        <test-method is-config="true" signature="sleep()[pri:0, instance:com.amarpatekar.tests.vendorportal.VendorPortalTest@7ef27d7f]" started-at="2024-09-07T17:56:00 GMT" name="sleep" finished-at="2024-09-07T17:56:05 GMT" duration-ms="5002" status="PASS">
          <reporter-output>
          </reporter-output>
        </test-method> <!-- sleep -->
        <test-method signature="dashboardTest()[pri:0, instance:com.amarpatekar.tests.vendorportal.VendorPortalTest@7ef27d7f]" started-at="2024-09-07T17:56:05 GMT" name="dashboardTest" finished-at="2024-09-07T17:56:05 GMT" depends-on-methods="com.amarpatekar.tests.vendorportal.VendorPortalTest.loginTest" duration-ms="452" status="PASS">
          <reporter-output>
          </reporter-output>
        </test-method> <!-- dashboardTest -->
        <test-method is-config="true" signature="sleep()[pri:0, instance:com.amarpatekar.tests.vendorportal.VendorPortalTest@7ef27d7f]" started-at="2024-09-07T17:56:05 GMT" name="sleep" finished-at="2024-09-07T17:56:10 GMT" duration-ms="5004" status="PASS">
          <reporter-output>
          </reporter-output>
        </test-method> <!-- sleep -->
        <test-method signature="logoutTest()[pri:0, instance:com.amarpatekar.tests.vendorportal.VendorPortalTest@7ef27d7f]" started-at="2024-09-07T17:56:10 GMT" name="logoutTest" finished-at="2024-09-07T17:56:11 GMT" depends-on-methods="com.amarpatekar.tests.vendorportal.VendorPortalTest.dashboardTest" duration-ms="1026" status="PASS">
          <reporter-output>
          </reporter-output>
        </test-method> <!-- logoutTest -->
        <test-method is-config="true" signature="sleep()[pri:0, instance:com.amarpatekar.tests.vendorportal.VendorPortalTest@7ef27d7f]" started-at="2024-09-07T17:56:11 GMT" name="sleep" finished-at="2024-09-07T17:56:16 GMT" duration-ms="5004" status="PASS">
          <reporter-output>
          </reporter-output>
        </test-method> <!-- sleep -->
        <test-method is-config="true" signature="quitDriver()[pri:0, instance:com.amarpatekar.tests.vendorportal.VendorPortalTest@7ef27d7f]" started-at="2024-09-07T17:56:16 GMT" name="quitDriver" finished-at="2024-09-07T17:56:17 GMT" duration-ms="169" status="PASS">
          <reporter-output>
          </reporter-output>
        </test-method> <!-- quitDriver -->
      </class> <!-- com.amarpatekar.tests.vendorportal.VendorPortalTest -->
    </test> <!-- user-mike -->
    <test started-at="2024-09-07T17:55:54 GMT" name="user-sam" finished-at="2024-09-07T17:56:17 GMT" duration-ms="22477">
      <class name="com.amarpatekar.tests.vendorportal.VendorPortalTest">
        <test-method is-config="true" signature="setDriver(org.testng.ITestContext)[pri:0, instance:com.amarpatekar.tests.vendorportal.VendorPortalTest@48c76607]" started-at="2024-09-07T17:55:54 GMT" name="setDriver" finished-at="2024-09-07T17:55:58 GMT" duration-ms="3551" status="PASS">
          <params>
            <param index="0">
              <value>
                <![CDATA[org.testng.TestRunner@2796aeae]]>
              </value>
            </param>
          </params>
          <reporter-output>
          </reporter-output>
        </test-method> <!-- setDriver -->
        <test-method is-config="true" signature="setPageObjects(java.lang.String)[pri:0, instance:com.amarpatekar.tests.vendorportal.VendorPortalTest@48c76607]" started-at="2024-09-07T17:55:58 GMT" name="setPageObjects" finished-at="2024-09-07T17:55:58 GMT" depends-on-methods="com.amarpatekar.tests.AbstractTest.setDriver" duration-ms="182" status="PASS">
          <params>
            <param index="0">
              <value>
                <![CDATA[test-data/vendor-portal/sam.json]]>
              </value>
            </param>
          </params>
          <reporter-output>
          </reporter-output>
        </test-method> <!-- setPageObjects -->
        <test-method signature="loginTest()[pri:0, instance:com.amarpatekar.tests.vendorportal.VendorPortalTest@48c76607]" started-at="2024-09-07T17:55:58 GMT" name="loginTest" finished-at="2024-09-07T17:56:00 GMT" duration-ms="1920" status="PASS">
          <reporter-output>
          </reporter-output>
        </test-method> <!-- loginTest -->
        <test-method is-config="true" signature="sleep()[pri:0, instance:com.amarpatekar.tests.vendorportal.VendorPortalTest@48c76607]" started-at="2024-09-07T17:56:00 GMT" name="sleep" finished-at="2024-09-07T17:56:05 GMT" duration-ms="5009" status="PASS">
          <reporter-output>
          </reporter-output>
        </test-method> <!-- sleep -->
        <test-method signature="dashboardTest()[pri:0, instance:com.amarpatekar.tests.vendorportal.VendorPortalTest@48c76607]" started-at="2024-09-07T17:56:05 GMT" name="dashboardTest" finished-at="2024-09-07T17:56:05 GMT" depends-on-methods="com.amarpatekar.tests.vendorportal.VendorPortalTest.loginTest" duration-ms="460" status="PASS">
          <reporter-output>
          </reporter-output>
        </test-method> <!-- dashboardTest -->
        <test-method is-config="true" signature="sleep()[pri:0, instance:com.amarpatekar.tests.vendorportal.VendorPortalTest@48c76607]" started-at="2024-09-07T17:56:05 GMT" name="sleep" finished-at="2024-09-07T17:56:10 GMT" duration-ms="5001" status="PASS">
          <reporter-output>
          </reporter-output>
        </test-method> <!-- sleep -->
        <test-method signature="logoutTest()[pri:0, instance:com.amarpatekar.tests.vendorportal.VendorPortalTest@48c76607]" started-at="2024-09-07T17:56:10 GMT" name="logoutTest" finished-at="2024-09-07T17:56:11 GMT" depends-on-methods="com.amarpatekar.tests.vendorportal.VendorPortalTest.dashboardTest" duration-ms="1026" status="PASS">
          <reporter-output>
          </reporter-output>
        </test-method> <!-- logoutTest -->
        <test-method is-config="true" signature="sleep()[pri:0, instance:com.amarpatekar.tests.vendorportal.VendorPortalTest@48c76607]" started-at="2024-09-07T17:56:11 GMT" name="sleep" finished-at="2024-09-07T17:56:16 GMT" duration-ms="5003" status="PASS">
          <reporter-output>
          </reporter-output>
        </test-method> <!-- sleep -->
        <test-method is-config="true" signature="quitDriver()[pri:0, instance:com.amarpatekar.tests.vendorportal.VendorPortalTest@48c76607]" started-at="2024-09-07T17:56:16 GMT" name="quitDriver" finished-at="2024-09-07T17:56:17 GMT" duration-ms="192" status="PASS">
          <reporter-output>
          </reporter-output>
        </test-method> <!-- quitDriver -->
      </class> <!-- com.amarpatekar.tests.vendorportal.VendorPortalTest -->
    </test> <!-- user-sam -->
    <test started-at="2024-09-07T17:55:54 GMT" name="user-john" finished-at="2024-09-07T17:56:17 GMT" duration-ms="22949">
      <class name="com.amarpatekar.tests.vendorportal.VendorPortalTest">
        <test-method is-config="true" signature="setupConfig()[pri:0, instance:com.amarpatekar.tests.vendorportal.VendorPortalTest@6337c201]" started-at="2024-09-07T17:55:54 GMT" name="setupConfig" finished-at="2024-09-07T17:55:54 GMT" duration-ms="57" status="PASS">
          <reporter-output>
          </reporter-output>
        </test-method> <!-- setupConfig -->
        <test-method is-config="true" signature="setDriver(org.testng.ITestContext)[pri:0, instance:com.amarpatekar.tests.vendorportal.VendorPortalTest@6337c201]" started-at="2024-09-07T17:55:54 GMT" name="setDriver" finished-at="2024-09-07T17:55:58 GMT" duration-ms="3553" status="PASS">
          <params>
            <param index="0">
              <value>
                <![CDATA[org.testng.TestRunner@56673b2c]]>
              </value>
            </param>
          </params>
          <reporter-output>
          </reporter-output>
        </test-method> <!-- setDriver -->
        <test-method is-config="true" signature="setPageObjects(java.lang.String)[pri:0, instance:com.amarpatekar.tests.vendorportal.VendorPortalTest@6337c201]" started-at="2024-09-07T17:55:58 GMT" name="setPageObjects" finished-at="2024-09-07T17:55:58 GMT" depends-on-methods="com.amarpatekar.tests.AbstractTest.setDriver" duration-ms="181" status="PASS">
          <params>
            <param index="0">
              <value>
                <![CDATA[test-data/vendor-portal/john.json]]>
              </value>
            </param>
          </params>
          <reporter-output>
          </reporter-output>
        </test-method> <!-- setPageObjects -->
        <test-method signature="loginTest()[pri:0, instance:com.amarpatekar.tests.vendorportal.VendorPortalTest@6337c201]" started-at="2024-09-07T17:55:58 GMT" name="loginTest" finished-at="2024-09-07T17:56:00 GMT" duration-ms="1925" status="PASS">
          <reporter-output>
          </reporter-output>
        </test-method> <!-- loginTest -->
        <test-method is-config="true" signature="sleep()[pri:0, instance:com.amarpatekar.tests.vendorportal.VendorPortalTest@6337c201]" started-at="2024-09-07T17:56:00 GMT" name="sleep" finished-at="2024-09-07T17:56:05 GMT" duration-ms="5008" status="PASS">
          <reporter-output>
          </reporter-output>
        </test-method> <!-- sleep -->
        <test-method signature="dashboardTest()[pri:0, instance:com.amarpatekar.tests.vendorportal.VendorPortalTest@6337c201]" started-at="2024-09-07T17:56:05 GMT" name="dashboardTest" finished-at="2024-09-07T17:56:05 GMT" depends-on-methods="com.amarpatekar.tests.vendorportal.VendorPortalTest.loginTest" duration-ms="457" status="PASS">
          <reporter-output>
          </reporter-output>
        </test-method> <!-- dashboardTest -->
        <test-method is-config="true" signature="sleep()[pri:0, instance:com.amarpatekar.tests.vendorportal.VendorPortalTest@6337c201]" started-at="2024-09-07T17:56:05 GMT" name="sleep" finished-at="2024-09-07T17:56:10 GMT" duration-ms="5001" status="PASS">
          <reporter-output>
          </reporter-output>
        </test-method> <!-- sleep -->
        <test-method signature="logoutTest()[pri:0, instance:com.amarpatekar.tests.vendorportal.VendorPortalTest@6337c201]" started-at="2024-09-07T17:56:10 GMT" name="logoutTest" finished-at="2024-09-07T17:56:12 GMT" depends-on-methods="com.amarpatekar.tests.vendorportal.VendorPortalTest.dashboardTest" duration-ms="1638" status="PASS">
          <reporter-output>
          </reporter-output>
        </test-method> <!-- logoutTest -->
        <test-method is-config="true" signature="sleep()[pri:0, instance:com.amarpatekar.tests.vendorportal.VendorPortalTest@6337c201]" started-at="2024-09-07T17:56:12 GMT" name="sleep" finished-at="2024-09-07T17:56:17 GMT" duration-ms="5002" status="PASS">
          <reporter-output>
          </reporter-output>
        </test-method> <!-- sleep -->
        <test-method is-config="true" signature="quitDriver()[pri:0, instance:com.amarpatekar.tests.vendorportal.VendorPortalTest@6337c201]" started-at="2024-09-07T17:56:17 GMT" name="quitDriver" finished-at="2024-09-07T17:56:17 GMT" duration-ms="91" status="PASS">
          <reporter-output>
          </reporter-output>
        </test-method> <!-- quitDriver -->
      </class> <!-- com.amarpatekar.tests.vendorportal.VendorPortalTest -->
    </test> <!-- user-john -->
  </suite> <!-- vendor-portal -->
</testng-results>
